Hmm ... looks like a package

This is pdfTeX, Version 3.14159265-2.6-1.40.15 (TeX Live 2014) (preloaded format=pdflatex)
 restricted \write18 enabled.
entering extended mode

(/private/var/folders/8q/6kfnplr52b14hzpzv1jzzs300000gn/T/Rtmpp2X8mq/Rd2pdf6454
eef8d5c/Rd2.tex
LaTeX2e <2014/05/01>
Babel <3.9k> and hyphenation patterns for 78 languages loaded.

(/usr/local/texlive/2014/texmf-dist/tex/latex/base/book.cls
Document Class: book 2007/10/19 v1.4h Standard LaTeX document class
(/usr/local/texlive/2014/texmf-dist/tex/latex/base/bk10.clo))
(/Library/Frameworks/R.framework/Resources/share/texmf/tex/latex/Rd.sty
(/usr/local/texlive/2014/texmf-dist/tex/latex/base/ifthen.sty)
(/usr/local/texlive/2014/texmf-dist/tex/latex/tools/longtable.sty)
(/usr/local/texlive/2014/texmf-dist/tex/latex/tools/bm.sty)
(/usr/local/texlive/2014/texmf-dist/tex/latex/base/alltt.sty)
(/usr/local/texlive/2014/texmf-dist/tex/latex/tools/verbatim.sty)
(/usr/local/texlive/2014/texmf-dist/tex/latex/url/url.sty)
(/usr/local/texlive/2014/texmf-dist/tex/latex/base/textcomp.sty
(/usr/local/texlive/2014/texmf-dist/tex/latex/base/ts1enc.def))
(/usr/local/texlive/2014/texmf-dist/tex/latex/base/fontenc.sty
(/usr/local/texlive/2014/texmf-dist/tex/latex/base/t1enc.def))
(/usr/local/texlive/2014/texmf-dist/tex/latex/psnfss/times.sty)
(/usr/local/texlive/2014/texmf-dist/tex/latex/inconsolata/inconsolata.sty
(/usr/local/texlive/2014/texmf-dist/tex/latex/graphics/keyval.sty))
(/usr/local/texlive/2014/texmf-dist/tex/latex/graphics/color.sty
(/usr/local/texlive/2014/texmf-dist/tex/latex/latexconfig/color.cfg)
(/usr/local/texlive/2014/texmf-dist/tex/latex/pdftex-def/pdftex.def
(/usr/local/texlive/2014/texmf-dist/tex/generic/oberdiek/infwarerr.sty)
(/usr/local/texlive/2014/texmf-dist/tex/generic/oberdiek/ltxcmds.sty)))
(/usr/local/texlive/2014/texmf-dist/tex/latex/hyperref/hyperref.sty
(/usr/local/texlive/2014/texmf-dist/tex/generic/oberdiek/hobsub-hyperref.sty
(/usr/local/texlive/2014/texmf-dist/tex/generic/oberdiek/hobsub-generic.sty))
(/usr/local/texlive/2014/texmf-dist/tex/generic/ifxetex/ifxetex.sty)
(/usr/local/texlive/2014/texmf-dist/tex/latex/oberdiek/auxhook.sty)
(/usr/local/texlive/2014/texmf-dist/tex/latex/oberdiek/kvoptions.sty)
(/usr/local/texlive/2014/texmf-dist/tex/latex/hyperref/pd1enc.def)
(/usr/local/texlive/2014/texmf-dist/tex/latex/latexconfig/hyperref.cfg))

Package hyperref Message: Driver (autodetected): hpdftex.

(/usr/local/texlive/2014/texmf-dist/tex/latex/hyperref/hpdftex.def
(/usr/local/texlive/2014/texmf-dist/tex/latex/oberdiek/rerunfilecheck.sty))

Package hyperref Warning: Option `hyperindex' has already been used,
(hyperref)                setting the option has no effect on input line 361.


Package hyperref Warning: Option `pagebackref' has already been used,
(hyperref)                setting the option has no effect on input line 361.

) (/usr/local/texlive/2014/texmf-dist/tex/latex/base/makeidx.sty)
(/usr/local/texlive/2014/texmf-dist/tex/latex/base/inputenc.sty
(/usr/local/texlive/2014/texmf-dist/tex/latex/base/utf8.def
(/usr/local/texlive/2014/texmf-dist/tex/latex/base/t1enc.dfu)
(/usr/local/texlive/2014/texmf-dist/tex/latex/base/ot1enc.dfu)
(/usr/local/texlive/2014/texmf-dist/tex/latex/base/omsenc.dfu)
(/usr/local/texlive/2014/texmf-dist/tex/latex/base/ts1enc.dfu))
(/usr/local/texlive/2014/texmf-dist/tex/latex/base/latin1.def))
Writing index file Rd2.idx
No file Rd2.aux.
(/usr/local/texlive/2014/texmf-dist/tex/latex/base/ts1cmr.fd)
(/usr/local/texlive/2014/texmf-dist/tex/latex/psnfss/t1ptm.fd)
(/usr/local/texlive/2014/texmf-dist/tex/latex/upquote/upquote.sty)
(/usr/local/texlive/2014/texmf-dist/tex/context/base/supp-pdf.mkii
[Loading MPS to PDF converter (version 2006.09.02).]
) (/usr/local/texlive/2014/texmf-dist/tex/latex/hyperref/nameref.sty
(/usr/local/texlive/2014/texmf-dist/tex/generic/oberdiek/gettitlestring.sty))
(/usr/local/texlive/2014/texmf-dist/tex/latex/inconsolata/t1zi4.fd)
(/usr/local/texlive/2014/texmf-dist/tex/latex/psnfss/t1phv.fd)
(/usr/local/texlive/2014/texmf-dist/tex/latex/base/utf8.def) [1{/usr/local/texl
ive/2014/texmf-var/fonts/map/pdftex/updmap/pdftex.map}]
Underfull \hbox (badness 10000) in paragraph at lines 51--57


Underfull \hbox (badness 10000) in paragraph at lines 77--80


Underfull \hbox (badness 10000) in paragraph at lines 81--84


Underfull \hbox (badness 10000) in paragraph at lines 85--88


Underfull \hbox (badness 10000) in paragraph at lines 89--92


Underfull \hbox (badness 10000) in paragraph at lines 93--96

[2]
Underfull \hbox (badness 10000) in paragraph at lines 97--100

(/usr/local/texlive/2014/texmf-dist/tex/latex/base/utf8.def)
Underfull \hbox (badness 10000) in paragraph at lines 143--146


Underfull \hbox (badness 10000) in paragraph at lines 143--146

[3] (/usr/local/texlive/2014/texmf-dist/tex/latex/psnfss/ts1ptm.fd) [4]
Underfull \hbox (badness 10000) in paragraph at lines 207--210


Underfull \hbox (badness 10000) in paragraph at lines 211--214


Underfull \hbox (badness 10000) in paragraph at lines 215--218


Underfull \hbox (badness 10000) in paragraph at lines 219--222


Underfull \hbox (badness 10000) in paragraph at lines 223--226

[5]
Underfull \hbox (badness 10000) in paragraph at lines 227--230

(/usr/local/texlive/2014/texmf-dist/tex/latex/base/utf8.def) [6] [7]
Overfull \hbox (32.28098pt too wide) in paragraph at lines 353--353
 []\T1/zi4/m/n/9 permObj <- cfPermute(irisData, irisClass, bootNum = 10, ensNum
 = 20, permNum = 5, parallel = TRUE,[] 
[8] (/usr/local/texlive/2014/texmf-dist/tex/latex/base/utf8.def)
(/usr/local/texlive/2014/texmf-dist/tex/latex/base/utf8.def) [9]
(/usr/local/texlive/2014/texmf-dist/tex/latex/base/utf8.def) [10]
(/usr/local/texlive/2014/texmf-dist/tex/latex/base/utf8.def) [11]
(/usr/local/texlive/2014/texmf-dist/tex/latex/base/utf8.def) [12]
(/usr/local/texlive/2014/texmf-dist/tex/latex/base/utf8.def) [13]
(/usr/local/texlive/2014/texmf-dist/tex/latex/base/utf8.def)
Overfull \hbox (57.98753pt too wide) in paragraph at lines 686--687
\T1/ptm/m/n/10 per-cent-ages of cor-rectly clas-si-fied sam-ples are dis-played
 in the barplot. If \T1/zi4/m/n/10 displayAll = TRUE\T1/ptm/m/n/10 ,
[14] (/usr/local/texlive/2014/texmf-dist/tex/latex/base/utf8.def)
Overfull \hbox (17.78088pt too wide) in paragraph at lines 736--736
 []\T1/zi4/m/n/10 ggEnsHist(ensObj, density = FALSE, percentiles = FALSE, mean 
= FALSE, median = FALSE)[] 

Overfull \hbox (20.78822pt too wide) in paragraph at lines 743--744
\T1/ptm/m/n/10 de-picts fre-quen-cies, the counts com-po-nent of the re-sult. I
n-stead, for \T1/zi4/m/n/10 density = TRUE\T1/ptm/m/n/10 ,
[15] (/usr/local/texlive/2014/texmf-dist/tex/latex/base/utf8.def) [16]
(/usr/local/texlive/2014/texmf-dist/tex/latex/base/utf8.def)
Overfull \hbox (10.24783pt too wide) in paragraph at lines 835--836
[]\T1/ptm/m/n/10 The \T1/zi4/m/n/10 ggPermHist \T1/ptm/m/n/10 func-tion gen-er-
ates a his-togram of the per-mu-ta-tion re-sults as gen-er-ated by [][]\T1/zi4/
m/n/10 cfPermute[][][]\T1/ptm/m/n/10 . 

Overfull \hbox (20.78822pt too wide) in paragraph at lines 848--849
\T1/ptm/m/n/10 de-picts fre-quen-cies, the counts com-po-nent of the re-sult. I
n-stead, for \T1/zi4/m/n/10 density = TRUE\T1/ptm/m/n/10 ,
[17]
No file Rd2.ind.
[18] (./Rd2.aux)

Package rerunfilecheck Warning: File `Rd2.out' has changed.
(rerunfilecheck)                Rerun to get outlines right
(rerunfilecheck)                or use package `bookmark'.

 )
(see the transcript file for additional information)pdfTeX warning (dest): name
{Rfn.svm} has been referenced but does not exist, replaced by a fixed one

pdfTeX warning (dest): name{Rfn.attributes} has been referenced but does not ex
ist, replaced by a fixed one

pdfTeX warning (dest): name{Rfn.sfInit} has been referenced but does not exist,
 replaced by a fixed one

{/usr/local/texlive/2014/texmf-dist/fonts/enc/dvips/base/8r.enc}{/usr/local/tex
live/2014/texmf-dist/fonts/enc/dvips/inconsolata/i4-t1-0.enc}</usr/local/texliv
e/2014/texmf-dist/fonts/type1/public/inconsolata/Inconsolata-zi4r.pfb></usr/loc
al/texlive/2014/texmf-dist/fonts/type1/public/amsfonts/cm/cmmi10.pfb></usr/loca
l/texlive/2014/texmf-dist/fonts/type1/public/amsfonts/cm/cmmi7.pfb></usr/local/
texlive/2014/texmf-dist/fonts/type1/urw/helvetic/uhvr8a.pfb></usr/local/texlive
/2014/texmf-dist/fonts/type1/urw/times/utmb8a.pfb></usr/local/texlive/2014/texm
f-dist/fonts/type1/urw/times/utmr8a.pfb></usr/local/texlive/2014/texmf-dist/fon
ts/type1/urw/times/utmr8a.pfb></usr/local/texlive/2014/texmf-dist/fonts/type1/u
rw/times/utmri8a.pfb>
Output written on Rd2.pdf (18 pages, 131067 bytes).
Transcript written on Rd2.log.
This is makeindex, version 2.15 [TeX Live 2014] (kpathsea + Thai support).
Scanning input file ./Rd2.idx....done (85 entries accepted, 0 rejected).
Sorting entries....done (645 comparisons).
Generating output file ./Rd2.ind....done (79 lines written, 1 warning).
Output written in ./Rd2.ind.
Transcript written in ./Rd2.ilg.
This is pdfTeX, Version 3.14159265-2.6-1.40.15 (TeX Live 2014) (preloaded format=pdflatex)
 restricted \write18 enabled.
entering extended mode

(/private/var/folders/8q/6kfnplr52b14hzpzv1jzzs300000gn/T/Rtmpp2X8mq/Rd2pdf6454
eef8d5c/Rd2.tex
LaTeX2e <2014/05/01>
Babel <3.9k> and hyphenation patterns for 78 languages loaded.

(/usr/local/texlive/2014/texmf-dist/tex/latex/base/book.cls
Document Class: book 2007/10/19 v1.4h Standard LaTeX document class
(/usr/local/texlive/2014/texmf-dist/tex/latex/base/bk10.clo))
(/Library/Frameworks/R.framework/Resources/share/texmf/tex/latex/Rd.sty
(/usr/local/texlive/2014/texmf-dist/tex/latex/base/ifthen.sty)
(/usr/local/texlive/2014/texmf-dist/tex/latex/tools/longtable.sty)
(/usr/local/texlive/2014/texmf-dist/tex/latex/tools/bm.sty)
(/usr/local/texlive/2014/texmf-dist/tex/latex/base/alltt.sty)
(/usr/local/texlive/2014/texmf-dist/tex/latex/tools/verbatim.sty)
(/usr/local/texlive/2014/texmf-dist/tex/latex/url/url.sty)
(/usr/local/texlive/2014/texmf-dist/tex/latex/base/textcomp.sty
(/usr/local/texlive/2014/texmf-dist/tex/latex/base/ts1enc.def))
(/usr/local/texlive/2014/texmf-dist/tex/latex/base/fontenc.sty
(/usr/local/texlive/2014/texmf-dist/tex/latex/base/t1enc.def))
(/usr/local/texlive/2014/texmf-dist/tex/latex/psnfss/times.sty)
(/usr/local/texlive/2014/texmf-dist/tex/latex/inconsolata/inconsolata.sty
(/usr/local/texlive/2014/texmf-dist/tex/latex/graphics/keyval.sty))
(/usr/local/texlive/2014/texmf-dist/tex/latex/graphics/color.sty
(/usr/local/texlive/2014/texmf-dist/tex/latex/latexconfig/color.cfg)
(/usr/local/texlive/2014/texmf-dist/tex/latex/pdftex-def/pdftex.def
(/usr/local/texlive/2014/texmf-dist/tex/generic/oberdiek/infwarerr.sty)
(/usr/local/texlive/2014/texmf-dist/tex/generic/oberdiek/ltxcmds.sty)))
(/usr/local/texlive/2014/texmf-dist/tex/latex/hyperref/hyperref.sty
(/usr/local/texlive/2014/texmf-dist/tex/generic/oberdiek/hobsub-hyperref.sty
(/usr/local/texlive/2014/texmf-dist/tex/generic/oberdiek/hobsub-generic.sty))
(/usr/local/texlive/2014/texmf-dist/tex/generic/ifxetex/ifxetex.sty)
(/usr/local/texlive/2014/texmf-dist/tex/latex/oberdiek/auxhook.sty)
(/usr/local/texlive/2014/texmf-dist/tex/latex/oberdiek/kvoptions.sty)
(/usr/local/texlive/2014/texmf-dist/tex/latex/hyperref/pd1enc.def)
(/usr/local/texlive/2014/texmf-dist/tex/latex/latexconfig/hyperref.cfg))

Package hyperref Message: Driver (autodetected): hpdftex.

(/usr/local/texlive/2014/texmf-dist/tex/latex/hyperref/hpdftex.def
(/usr/local/texlive/2014/texmf-dist/tex/latex/oberdiek/rerunfilecheck.sty))

Package hyperref Warning: Option `hyperindex' has already been used,
(hyperref)                setting the option has no effect on input line 361.


Package hyperref Warning: Option `pagebackref' has already been used,
(hyperref)                setting the option has no effect on input line 361.

) (/usr/local/texlive/2014/texmf-dist/tex/latex/base/makeidx.sty)
(/usr/local/texlive/2014/texmf-dist/tex/latex/base/inputenc.sty
(/usr/local/texlive/2014/texmf-dist/tex/latex/base/utf8.def
(/usr/local/texlive/2014/texmf-dist/tex/latex/base/t1enc.dfu)
(/usr/local/texlive/2014/texmf-dist/tex/latex/base/ot1enc.dfu)
(/usr/local/texlive/2014/texmf-dist/tex/latex/base/omsenc.dfu)
(/usr/local/texlive/2014/texmf-dist/tex/latex/base/ts1enc.dfu))
(/usr/local/texlive/2014/texmf-dist/tex/latex/base/latin1.def))
Writing index file Rd2.idx
(./Rd2.aux) (/usr/local/texlive/2014/texmf-dist/tex/latex/base/ts1cmr.fd)
(/usr/local/texlive/2014/texmf-dist/tex/latex/psnfss/t1ptm.fd)
(/usr/local/texlive/2014/texmf-dist/tex/latex/upquote/upquote.sty)
(/usr/local/texlive/2014/texmf-dist/tex/context/base/supp-pdf.mkii
[Loading MPS to PDF converter (version 2006.09.02).]
) (/usr/local/texlive/2014/texmf-dist/tex/latex/hyperref/nameref.sty
(/usr/local/texlive/2014/texmf-dist/tex/generic/oberdiek/gettitlestring.sty))
(./Rd2.out) (./Rd2.out)
(/usr/local/texlive/2014/texmf-dist/tex/latex/inconsolata/t1zi4.fd)
(/usr/local/texlive/2014/texmf-dist/tex/latex/psnfss/t1phv.fd) (./Rd2.toc)
(/usr/local/texlive/2014/texmf-dist/tex/latex/base/utf8.def) [1{/usr/local/texl
ive/2014/texmf-var/fonts/map/pdftex/updmap/pdftex.map}]
Underfull \hbox (badness 10000) in paragraph at lines 51--57


Underfull \hbox (badness 10000) in paragraph at lines 77--80

[2]
Underfull \hbox (badness 10000) in paragraph at lines 81--84


Underfull \hbox (badness 10000) in paragraph at lines 85--88


Underfull \hbox (badness 10000) in paragraph at lines 89--92


Underfull \hbox (badness 10000) in paragraph at lines 93--96


Underfull \hbox (badness 10000) in paragraph at lines 97--100

(/usr/local/texlive/2014/texmf-dist/tex/latex/base/utf8.def) [3]
Underfull \hbox (badness 10000) in paragraph at lines 143--146


Underfull \hbox (badness 10000) in paragraph at lines 143--146

[4] (/usr/local/texlive/2014/texmf-dist/tex/latex/psnfss/ts1ptm.fd)
Underfull \hbox (badness 10000) in paragraph at lines 207--210

[5]
Underfull \hbox (badness 10000) in paragraph at lines 211--214


Underfull \hbox (badness 10000) in paragraph at lines 215--218


Underfull \hbox (badness 10000) in paragraph at lines 219--222


Underfull \hbox (badness 10000) in paragraph at lines 223--226


Underfull \hbox (badness 10000) in paragraph at lines 227--230

[6] (/usr/local/texlive/2014/texmf-dist/tex/latex/base/utf8.def) [7]
Overfull \hbox (32.28098pt too wide) in paragraph at lines 353--353
 []\T1/zi4/m/n/9 permObj <- cfPermute(irisData, irisClass, bootNum = 10, ensNum
 = 20, permNum = 5, parallel = TRUE,[] 
[8] (/usr/local/texlive/2014/texmf-dist/tex/latex/base/utf8.def) [9]
(/usr/local/texlive/2014/texmf-dist/tex/latex/base/utf8.def) [10]
(/usr/local/texlive/2014/texmf-dist/tex/latex/base/utf8.def) [11]
(/usr/local/texlive/2014/texmf-dist/tex/latex/base/utf8.def) [12]
(/usr/local/texlive/2014/texmf-dist/tex/latex/base/utf8.def)
(/usr/local/texlive/2014/texmf-dist/tex/latex/base/utf8.def) [13]
(/usr/local/texlive/2014/texmf-dist/tex/latex/base/utf8.def) [14]
Overfull \hbox (57.98753pt too wide) in paragraph at lines 686--687
\T1/ptm/m/n/10 per-cent-ages of cor-rectly clas-si-fied sam-ples are dis-played
 in the barplot. If \T1/zi4/m/n/10 displayAll = TRUE\T1/ptm/m/n/10 ,
(/usr/local/texlive/2014/texmf-dist/tex/latex/base/utf8.def) [15]
Overfull \hbox (17.78088pt too wide) in paragraph at lines 736--736
 []\T1/zi4/m/n/10 ggEnsHist(ensObj, density = FALSE, percentiles = FALSE, mean 
= FALSE, median = FALSE)[] 

Overfull \hbox (20.78822pt too wide) in paragraph at lines 743--744
\T1/ptm/m/n/10 de-picts fre-quen-cies, the counts com-po-nent of the re-sult. I
n-stead, for \T1/zi4/m/n/10 density = TRUE\T1/ptm/m/n/10 ,
(/usr/local/texlive/2014/texmf-dist/tex/latex/base/utf8.def) [16]
(/usr/local/texlive/2014/texmf-dist/tex/latex/base/utf8.def)
Overfull \hbox (10.24783pt too wide) in paragraph at lines 835--836
[]\T1/ptm/m/n/10 The \T1/zi4/m/n/10 ggPermHist \T1/ptm/m/n/10 func-tion gen-er-
ates a his-togram of the per-mu-ta-tion re-sults as gen-er-ated by [][]\T1/zi4/
m/n/10 cfPermute[][][]\T1/ptm/m/n/10 . 
[17]
Overfull \hbox (20.78822pt too wide) in paragraph at lines 848--849
\T1/ptm/m/n/10 de-picts fre-quen-cies, the counts com-po-nent of the re-sult. I
n-stead, for \T1/zi4/m/n/10 density = TRUE\T1/ptm/m/n/10 ,
(./Rd2.ind [18]

LaTeX Font Warning: Font shape `T1/zi4/m/it' undefined
(Font)              using `T1/zi4/m/n' instead on input line 51.

[19]) (./Rd2.aux)

Package rerunfilecheck Warning: File `Rd2.out' has changed.
(rerunfilecheck)                Rerun to get outlines right
(rerunfilecheck)                or use package `bookmark'.


LaTeX Font Warning: Some font shapes were not available, defaults substituted.

 )
(see the transcript file for additional information)pdfTeX warning (dest): name
{Rfn.svm} has been referenced but does not exist, replaced by a fixed one

pdfTeX warning (dest): name{Rfn.attributes} has been referenced but does not ex
ist, replaced by a fixed one

pdfTeX warning (dest): name{Rfn.sfInit} has been referenced but does not exist,
 replaced by a fixed one

{/usr/local/texlive/2014/texmf-dist/fonts/enc/dvips/base/8r.enc}{/usr/local/tex
live/2014/texmf-dist/fonts/enc/dvips/inconsolata/i4-t1-0.enc}</usr/local/texliv
e/2014/texmf-dist/fonts/type1/public/inconsolata/Inconsolata-zi4r.pfb></usr/loc
al/texlive/2014/texmf-dist/fonts/type1/public/amsfonts/cm/cmmi10.pfb></usr/loca
l/texlive/2014/texmf-dist/fonts/type1/public/amsfonts/cm/cmmi7.pfb></usr/local/
texlive/2014/texmf-dist/fonts/type1/public/amsfonts/cm/cmsy10.pfb></usr/local/t
exlive/2014/texmf-dist/fonts/type1/urw/helvetic/uhvr8a.pfb></usr/local/texlive/
2014/texmf-dist/fonts/type1/urw/times/utmb8a.pfb></usr/local/texlive/2014/texmf
-dist/fonts/type1/urw/times/utmr8a.pfb></usr/local/texlive/2014/texmf-dist/font
s/type1/urw/times/utmr8a.pfb></usr/local/texlive/2014/texmf-dist/fonts/type1/ur
w/times/utmri8a.pfb>
Output written on Rd2.pdf (19 pages, 144138 bytes).
Transcript written on Rd2.log.
This is makeindex, version 2.15 [TeX Live 2014] (kpathsea + Thai support).
Scanning input file ./Rd2.idx....done (85 entries accepted, 0 rejected).
Sorting entries....done (641 comparisons).
Generating output file ./Rd2.ind....done (80 lines written, 1 warning).
Output written in ./Rd2.ind.
Transcript written in ./Rd2.ilg.
This is pdfTeX, Version 3.14159265-2.6-1.40.15 (TeX Live 2014) (preloaded format=pdflatex)
 restricted \write18 enabled.
entering extended mode

(/private/var/folders/8q/6kfnplr52b14hzpzv1jzzs300000gn/T/Rtmpp2X8mq/Rd2pdf6454
eef8d5c/Rd2.tex
LaTeX2e <2014/05/01>
Babel <3.9k> and hyphenation patterns for 78 languages loaded.

(/usr/local/texlive/2014/texmf-dist/tex/latex/base/book.cls
Document Class: book 2007/10/19 v1.4h Standard LaTeX document class
(/usr/local/texlive/2014/texmf-dist/tex/latex/base/bk10.clo))
(/Library/Frameworks/R.framework/Resources/share/texmf/tex/latex/Rd.sty
(/usr/local/texlive/2014/texmf-dist/tex/latex/base/ifthen.sty)
(/usr/local/texlive/2014/texmf-dist/tex/latex/tools/longtable.sty)
(/usr/local/texlive/2014/texmf-dist/tex/latex/tools/bm.sty)
(/usr/local/texlive/2014/texmf-dist/tex/latex/base/alltt.sty)
(/usr/local/texlive/2014/texmf-dist/tex/latex/tools/verbatim.sty)
(/usr/local/texlive/2014/texmf-dist/tex/latex/url/url.sty)
(/usr/local/texlive/2014/texmf-dist/tex/latex/base/textcomp.sty
(/usr/local/texlive/2014/texmf-dist/tex/latex/base/ts1enc.def))
(/usr/local/texlive/2014/texmf-dist/tex/latex/base/fontenc.sty
(/usr/local/texlive/2014/texmf-dist/tex/latex/base/t1enc.def))
(/usr/local/texlive/2014/texmf-dist/tex/latex/psnfss/times.sty)
(/usr/local/texlive/2014/texmf-dist/tex/latex/inconsolata/inconsolata.sty
(/usr/local/texlive/2014/texmf-dist/tex/latex/graphics/keyval.sty))
(/usr/local/texlive/2014/texmf-dist/tex/latex/graphics/color.sty
(/usr/local/texlive/2014/texmf-dist/tex/latex/latexconfig/color.cfg)
(/usr/local/texlive/2014/texmf-dist/tex/latex/pdftex-def/pdftex.def
(/usr/local/texlive/2014/texmf-dist/tex/generic/oberdiek/infwarerr.sty)
(/usr/local/texlive/2014/texmf-dist/tex/generic/oberdiek/ltxcmds.sty)))
(/usr/local/texlive/2014/texmf-dist/tex/latex/hyperref/hyperref.sty
(/usr/local/texlive/2014/texmf-dist/tex/generic/oberdiek/hobsub-hyperref.sty
(/usr/local/texlive/2014/texmf-dist/tex/generic/oberdiek/hobsub-generic.sty))
(/usr/local/texlive/2014/texmf-dist/tex/generic/ifxetex/ifxetex.sty)
(/usr/local/texlive/2014/texmf-dist/tex/latex/oberdiek/auxhook.sty)
(/usr/local/texlive/2014/texmf-dist/tex/latex/oberdiek/kvoptions.sty)
(/usr/local/texlive/2014/texmf-dist/tex/latex/hyperref/pd1enc.def)
(/usr/local/texlive/2014/texmf-dist/tex/latex/latexconfig/hyperref.cfg))

Package hyperref Message: Driver (autodetected): hpdftex.

(/usr/local/texlive/2014/texmf-dist/tex/latex/hyperref/hpdftex.def
(/usr/local/texlive/2014/texmf-dist/tex/latex/oberdiek/rerunfilecheck.sty))

Package hyperref Warning: Option `hyperindex' has already been used,
(hyperref)                setting the option has no effect on input line 361.


Package hyperref Warning: Option `pagebackref' has already been used,
(hyperref)                setting the option has no effect on input line 361.

) (/usr/local/texlive/2014/texmf-dist/tex/latex/base/makeidx.sty)
(/usr/local/texlive/2014/texmf-dist/tex/latex/base/inputenc.sty
(/usr/local/texlive/2014/texmf-dist/tex/latex/base/utf8.def
(/usr/local/texlive/2014/texmf-dist/tex/latex/base/t1enc.dfu)
(/usr/local/texlive/2014/texmf-dist/tex/latex/base/ot1enc.dfu)
(/usr/local/texlive/2014/texmf-dist/tex/latex/base/omsenc.dfu)
(/usr/local/texlive/2014/texmf-dist/tex/latex/base/ts1enc.dfu))
(/usr/local/texlive/2014/texmf-dist/tex/latex/base/latin1.def))
Writing index file Rd2.idx
(./Rd2.aux) (/usr/local/texlive/2014/texmf-dist/tex/latex/base/ts1cmr.fd)
(/usr/local/texlive/2014/texmf-dist/tex/latex/psnfss/t1ptm.fd)
(/usr/local/texlive/2014/texmf-dist/tex/latex/upquote/upquote.sty)
(/usr/local/texlive/2014/texmf-dist/tex/context/base/supp-pdf.mkii
[Loading MPS to PDF converter (version 2006.09.02).]
) (/usr/local/texlive/2014/texmf-dist/tex/latex/hyperref/nameref.sty
(/usr/local/texlive/2014/texmf-dist/tex/generic/oberdiek/gettitlestring.sty))
(./Rd2.out) (./Rd2.out)
(/usr/local/texlive/2014/texmf-dist/tex/latex/inconsolata/t1zi4.fd)
(/usr/local/texlive/2014/texmf-dist/tex/latex/psnfss/t1phv.fd) (./Rd2.toc)
(/usr/local/texlive/2014/texmf-dist/tex/latex/base/utf8.def) [1{/usr/local/texl
ive/2014/texmf-var/fonts/map/pdftex/updmap/pdftex.map}]
Underfull \hbox (badness 10000) in paragraph at lines 51--57


Underfull \hbox (badness 10000) in paragraph at lines 77--80

[2]
Underfull \hbox (badness 10000) in paragraph at lines 81--84


Underfull \hbox (badness 10000) in paragraph at lines 85--88


Underfull \hbox (badness 10000) in paragraph at lines 89--92


Underfull \hbox (badness 10000) in paragraph at lines 93--96


Underfull \hbox (badness 10000) in paragraph at lines 97--100

(/usr/local/texlive/2014/texmf-dist/tex/latex/base/utf8.def) [3]
Underfull \hbox (badness 10000) in paragraph at lines 143--146


Underfull \hbox (badness 10000) in paragraph at lines 143--146

[4] (/usr/local/texlive/2014/texmf-dist/tex/latex/psnfss/ts1ptm.fd)
Underfull \hbox (badness 10000) in paragraph at lines 207--210

[5]
Underfull \hbox (badness 10000) in paragraph at lines 211--214


Underfull \hbox (badness 10000) in paragraph at lines 215--218


Underfull \hbox (badness 10000) in paragraph at lines 219--222


Underfull \hbox (badness 10000) in paragraph at lines 223--226


Underfull \hbox (badness 10000) in paragraph at lines 227--230

[6] (/usr/local/texlive/2014/texmf-dist/tex/latex/base/utf8.def) [7]
Overfull \hbox (32.28098pt too wide) in paragraph at lines 353--353
 []\T1/zi4/m/n/9 permObj <- cfPermute(irisData, irisClass, bootNum = 10, ensNum
 = 20, permNum = 5, parallel = TRUE,[] 
[8] (/usr/local/texlive/2014/texmf-dist/tex/latex/base/utf8.def) [9]
(/usr/local/texlive/2014/texmf-dist/tex/latex/base/utf8.def) [10]
(/usr/local/texlive/2014/texmf-dist/tex/latex/base/utf8.def) [11]
(/usr/local/texlive/2014/texmf-dist/tex/latex/base/utf8.def) [12]
(/usr/local/texlive/2014/texmf-dist/tex/latex/base/utf8.def)
(/usr/local/texlive/2014/texmf-dist/tex/latex/base/utf8.def) [13]
(/usr/local/texlive/2014/texmf-dist/tex/latex/base/utf8.def) [14]
Overfull \hbox (57.98753pt too wide) in paragraph at lines 686--687
\T1/ptm/m/n/10 per-cent-ages of cor-rectly clas-si-fied sam-ples are dis-played
 in the barplot. If \T1/zi4/m/n/10 displayAll = TRUE\T1/ptm/m/n/10 ,
(/usr/local/texlive/2014/texmf-dist/tex/latex/base/utf8.def) [15]
Overfull \hbox (17.78088pt too wide) in paragraph at lines 736--736
 []\T1/zi4/m/n/10 ggEnsHist(ensObj, density = FALSE, percentiles = FALSE, mean 
= FALSE, median = FALSE)[] 

Overfull \hbox (20.78822pt too wide) in paragraph at lines 743--744
\T1/ptm/m/n/10 de-picts fre-quen-cies, the counts com-po-nent of the re-sult. I
n-stead, for \T1/zi4/m/n/10 density = TRUE\T1/ptm/m/n/10 ,
(/usr/local/texlive/2014/texmf-dist/tex/latex/base/utf8.def) [16]
(/usr/local/texlive/2014/texmf-dist/tex/latex/base/utf8.def)
Overfull \hbox (10.24783pt too wide) in paragraph at lines 835--836
[]\T1/ptm/m/n/10 The \T1/zi4/m/n/10 ggPermHist \T1/ptm/m/n/10 func-tion gen-er-
ates a his-togram of the per-mu-ta-tion re-sults as gen-er-ated by [][]\T1/zi4/
m/n/10 cfPermute[][][]\T1/ptm/m/n/10 . 
[17]
Overfull \hbox (20.78822pt too wide) in paragraph at lines 848--849
\T1/ptm/m/n/10 de-picts fre-quen-cies, the counts com-po-nent of the re-sult. I
n-stead, for \T1/zi4/m/n/10 density = TRUE\T1/ptm/m/n/10 ,
(./Rd2.ind [18]

LaTeX Font Warning: Font shape `T1/zi4/m/it' undefined
(Font)              using `T1/zi4/m/n' instead on input line 52.

[19]) (./Rd2.aux)

LaTeX Font Warning: Some font shapes were not available, defaults substituted.

 )
(see the transcript file for additional information)pdfTeX warning (dest): name
{Rfn.svm} has been referenced but does not exist, replaced by a fixed one

pdfTeX warning (dest): name{Rfn.attributes} has been referenced but does not ex
ist, replaced by a fixed one

pdfTeX warning (dest): name{Rfn.sfInit} has been referenced but does not exist,
 replaced by a fixed one

{/usr/local/texlive/2014/texmf-dist/fonts/enc/dvips/base/8r.enc}{/usr/local/tex
live/2014/texmf-dist/fonts/enc/dvips/inconsolata/i4-t1-0.enc}</usr/local/texliv
e/2014/texmf-dist/fonts/type1/public/inconsolata/Inconsolata-zi4r.pfb></usr/loc
al/texlive/2014/texmf-dist/fonts/type1/public/amsfonts/cm/cmmi10.pfb></usr/loca
l/texlive/2014/texmf-dist/fonts/type1/public/amsfonts/cm/cmmi7.pfb></usr/local/
texlive/2014/texmf-dist/fonts/type1/public/amsfonts/cm/cmsy10.pfb></usr/local/t
exlive/2014/texmf-dist/fonts/type1/urw/helvetic/uhvr8a.pfb></usr/local/texlive/
2014/texmf-dist/fonts/type1/urw/times/utmb8a.pfb></usr/local/texlive/2014/texmf
-dist/fonts/type1/urw/times/utmr8a.pfb></usr/local/texlive/2014/texmf-dist/font
s/type1/urw/times/utmr8a.pfb></usr/local/texlive/2014/texmf-dist/fonts/type1/ur
w/times/utmri8a.pfb>
Output written on Rd2.pdf (19 pages, 144769 bytes).
Transcript written on Rd2.log.
Saving output to 'classyfire-manual.pdf' ...
Done
You may want to clean up by 'rm -rf /var/folders/8q/6kfnplr52b14hzpzv1jzzs300000gn/T//Rtmpp2X8mq/Rd2pdf6454eef8d5c'
